<?xml version="1.0" encoding="UTF-8"?>
<testng-results skipped="0" failed="0" ignored="0" total="1" passed="1">
  <reporter-output>
  </reporter-output>
  <suite name="Default suite" duration-ms="169" started-at="2019-04-26T10:25:57Z" finished-at="2019-04-26T10:25:57Z">
    <groups>
    </groups>
    <test name="Default test" duration-ms="169" started-at="2019-04-26T10:25:57Z" finished-at="2019-04-26T10:25:57Z">
      <class name="Demo.org.App">
        <test-method status="PASS" signature="run2()[pri:0, instance:Demo.org.App@36d4b5c]" name="run2" is-config="true" duration-ms="91" started-at="2019-04-26T10:25:57Z" finished-at="2019-04-26T10:25:57Z">
          <reporter-output>
          </reporter-output>
        </test-method> <!-- run2 -->
        <test-method status="PASS" signature="run()[pri:0, instance:Demo.org.App@36d4b5c]" name="run" duration-ms="10" started-at="2019-04-26T10:25:57Z" finished-at="2019-04-26T10:25:57Z">
          <reporter-output>
          </reporter-output>
        </test-method> <!-- run -->
      </class> <!-- Demo.org.App -->
    </test> <!-- Default test -->
  </suite> <!-- Default suite -->
</testng-results>
